<?xml version="1.0" encoding="utf-8"?><testsuites name="pytest tests"><testsuite name="pytest" errors="0" failures="0" skipped="0" tests="8" time="3.619" timestamp="2026-06-02T08:08:01.161797+00:00" hostname="agent-env-1a068012-3e6b-465a-ab9c-ef7eca7cd844"><testcase classname="backend.tests.test_profile_and_chat_v3" name="test_me_returns_new_profile_fields" time="0.423" /><testcase classname="backend.tests.test_profile_and_chat_v3" name="test_me_streak_idempotent_same_day" time="0.095" /><testcase classname="backend.tests.test_profile_and_chat_v3" name="test_profile_update_name_and_level" time="0.096" /><testcase classname="backend.tests.test_profile_and_chat_v3" name="test_profile_rejects_invalid_level" time="0.049" /><testcase classname="backend.tests.test_profile_and_chat_v3" name="test_profile_accepts_each_valid_level" time="0.191" /><testcase classname="backend.tests.test_profile_and_chat_v3" name="test_profile_unauth" time="0.046" /><testcase classname="backend.tests.test_profile_and_chat_v3" name="test_chat_response_has_level_changed_fields" time="1.346" /><testcase classname="backend.tests.test_profile_and_chat_v3" name="test_chat_no_level_change_second_message" time="1.314" /></testsuite></testsuites>