<?xml version="1.0" encoding="utf-8"?><testsuites name="pytest tests"><testsuite name="pytest" errors="0" failures="0" skipped="0" tests="23" time="8.493" timestamp="2026-06-02T08:23:33.266842+00:00" hostname="agent-env-1a068012-3e6b-465a-ab9c-ef7eca7cd844"><testcase classname="backend.tests.test_englearn_api" name="test_root" time="0.150" /><testcase classname="backend.tests.test_englearn_api" name="test_scenarios" time="0.043" /><testcase classname="backend.tests.test_englearn_api" name="test_signup_duplicate" time="0.307" /><testcase classname="backend.tests.test_englearn_api" name="test_login_success" time="0.267" /><testcase classname="backend.tests.test_englearn_api" name="test_login_invalid" time="0.159" /><testcase classname="backend.tests.test_englearn_api" name="test_me" time="0.042" /><testcase classname="backend.tests.test_englearn_api" name="test_me_unauth" time="0.042" /><testcase classname="backend.tests.test_englearn_api" name="test_session_seeds_exactly_one_opener" time="0.095" /><testcase classname="backend.tests.test_englearn_api" name="test_list_sessions" time="0.041" /><testcase classname="backend.tests.test_englearn_api" name="test_chat_grammar_correction_and_level" time="1.290" /><testcase classname="backend.tests.test_englearn_api" name="test_get_messages_after_chat" time="0.042" /><testcase classname="backend.tests.test_englearn_api" name="test_corrections_endpoint_structure" time="0.083" /><testcase classname="backend.tests.test_englearn_api" name="test_corrections_seeded_user" time="0.310" /><testcase classname="backend.tests.test_englearn_api" name="test_hint_returns_3_suggestions" time="0.664" /><testcase classname="backend.tests.test_englearn_api" name="test_voice_speak" time="1.485" /><testcase classname="backend.tests.test_profile_and_chat_v3" name="test_me_returns_new_profile_fields" time="0.397" /><testcase classname="backend.tests.test_profile_and_chat_v3" name="test_me_streak_idempotent_same_day" time="0.091" /><testcase classname="backend.tests.test_profile_and_chat_v3" name="test_profile_update_name_and_level" time="0.088" /><testcase classname="backend.tests.test_profile_and_chat_v3" name="test_profile_rejects_invalid_level" time="0.044" /><testcase classname="backend.tests.test_profile_and_chat_v3" name="test_profile_accepts_each_valid_level" time="0.183" /><testcase classname="backend.tests.test_profile_and_chat_v3" name="test_profile_unauth" time="0.043" /><testcase classname="backend.tests.test_profile_and_chat_v3" name="test_chat_response_has_level_changed_fields" time="1.321" /><testcase classname="backend.tests.test_profile_and_chat_v3" name="test_chat_no_level_change_second_message" time="1.240" /></testsuite></testsuites>