<?xml version="1.0" encoding="utf-8"?><testsuites name="pytest tests"><testsuite name="pytest" errors="0" failures="0" skipped="0" tests="5" time="2.824" timestamp="2026-06-02T08:23:25.789258+00:00" hostname="agent-env-1a068012-3e6b-465a-ab9c-ef7eca7cd844"><testcase classname="backend.tests.test_phase_b_live" name="test_pronunciation_shape" time="1.817" /><testcase classname="backend.tests.test_phase_b_live" name="test_pronunciation_requires_auth" time="0.045" /><testcase classname="backend.tests.test_phase_b_live" name="test_ws_invalid_token_structured_error" time="0.175" /><testcase classname="backend.tests.test_phase_b_live" name="test_ws_valid_token_ready_or_error" time="0.522" /><testcase classname="backend.tests.test_phase_b_live" name="test_ws_unknown_session_structured_error" time="0.200" /></testsuite></testsuites>