<?xml version="1.0" encoding="utf-8"?><testsuites name="pytest tests"><testsuite name="pytest" errors="0" failures="2" skipped="0" tests="8" time="3.662" timestamp="2026-06-02T08:04:56.560926+00:00" hostname="agent-env-1a068012-3e6b-465a-ab9c-ef7eca7cd844"><testcase classname="tests.test_profile_and_chat_v3" name="test_me_returns_new_profile_fields" time="0.420" /><testcase classname="tests.test_profile_and_chat_v3" name="test_me_streak_idempotent_same_day" time="0.090" /><testcase classname="tests.test_profile_and_chat_v3" name="test_profile_update_name_and_level" time="0.092" /><testcase classname="tests.test_profile_and_chat_v3" name="test_profile_rejects_invalid_level" time="0.044" /><testcase classname="tests.test_profile_and_chat_v3" name="test_profile_accepts_each_valid_level" time="0.183" /><testcase classname="tests.test_profile_and_chat_v3" name="test_profile_unauth" time="0.044" /><testcase classname="tests.test_profile_and_chat_v3" name="test_chat_response_has_level_changed_fields" time="1.426"><failure message="AssertionError: assert 'level_changed' in {'correction': None, 'created_at': '2026-06-02T08:04:58.906370+00:00', 'id': '1bbc9307-39f4-41ed-b989-09c880fa4f5b', 'role': 'assistant', ...}">tests/test_profile_and_chat_v3.py:102: in test_chat_response_has_level_changed_fields
    assert "level_changed" in data
E   AssertionError: assert 'level_changed' in {'correction': None, 'created_at': '2026-06-02T08:04:58.906370+00:00', 'id': '1bbc9307-39f4-41ed-b989-09c880fa4f5b', 'role': 'assistant', ...}</failure></testcase><testcase classname="tests.test_profile_and_chat_v3" name="test_chat_no_level_change_second_message" time="1.272"><failure message="KeyError: 'level_changed'">tests/test_profile_and_chat_v3.py:125: in test_chat_no_level_change_second_message
    assert data["level_changed"] is False
           ^^^^^^^^^^^^^^^^^^^^^
E   KeyError: 'level_changed'</failure></testcase></testsuite></testsuites>