<?xml version="1.0" encoding="utf-8"?><testsuites name="pytest tests"><testsuite name="pytest" errors="0" failures="0" skipped="0" tests="15" time="5.676" timestamp="2026-06-02T08:04:21.283731+00:00" hostname="agent-env-1a068012-3e6b-465a-ab9c-ef7eca7cd844"><testcase classname="tests.test_englearn_api" name="test_root" time="0.243" /><testcase classname="tests.test_englearn_api" name="test_scenarios" time="0.043" /><testcase classname="tests.test_englearn_api" name="test_signup_duplicate" time="0.313" /><testcase classname="tests.test_englearn_api" name="test_login_success" time="0.265" /><testcase classname="tests.test_englearn_api" name="test_login_invalid" time="0.046" /><testcase classname="tests.test_englearn_api" name="test_me" time="0.045" /><testcase classname="tests.test_englearn_api" name="test_me_unauth" time="0.042" /><testcase classname="tests.test_englearn_api" name="test_session_seeds_exactly_one_opener" time="0.096" /><testcase classname="tests.test_englearn_api" name="test_list_sessions" time="0.043" /><testcase classname="tests.test_englearn_api" name="test_chat_grammar_correction_and_level" time="1.331" /><testcase classname="tests.test_englearn_api" name="test_get_messages_after_chat" time="0.044" /><testcase classname="tests.test_englearn_api" name="test_corrections_endpoint_structure" time="0.050" /><testcase classname="tests.test_englearn_api" name="test_corrections_seeded_user" time="0.317" /><testcase classname="tests.test_englearn_api" name="test_hint_returns_3_suggestions" time="0.992" /><testcase classname="tests.test_englearn_api" name="test_voice_speak" time="1.744" /></testsuite></testsuites>